<?xml version="1.0" encoding="UTF-8"?>
<testsuite xmlns:xsi="http://www.w3.org/2001/XMLSchema-instance" xsi:noNamespaceSchemaLocation="https://maven.apache.org/surefire/maven-surefire-plugin/xsd/surefire-test-report-3.0.xsd" version="3.0" name="com.example.view.ThemeCssTest" time="0.043" tests="7" errors="0" skipped="0" failures="0">
  <properties>
[...]
</properties>
  <testcase name="baseCssContainsSharedScheduleStatusSelectors" classname="com.example.view.ThemeCssTest" time="0.011"/>
  <testcase name="baseCssContainsSharedScheduleCardStyleSelectors" classname="com.example.view.ThemeCssTest" time="0.005"/>
  <testcase name="baseCssContainsTimelineRangeCapsuleSelectors" classname="com.example.view.ThemeCssTest" time="0.004"/>
  <testcase name="darkThemeDefinesMenuContrastSelectors" classname="com.example.view.ThemeCssTest" time="0.004"/>
  <testcase name="themesContainSidebarTitleAndDialogStyles" classname="com.example.view.ThemeCssTest" time="0.004"/>
  <testcase name="themeFilesContainHeatmapSelectionAndDayCardStyles" classname="com.example.view.ThemeCssTest" time="0.003"/>
  <testcase name="newBuiltinThemeFilesArePresent" classname="com.example.view.ThemeCssTest" time="0.004"/>
</testsuite>